<?xml version="1.0" encoding="UTF-8"?>
<!-- Generated by org.testng.reporters.JUnitReportReporter -->
<testsuite hostname="TAH-LAP-JOR101" failures="0" tests="1" name="TestCases.GetTest" time="3.039" errors="0" timestamp="2023-08-20T00:19:34 AST" skipped="0">
  <testcase classname="TestCases.GetTest" name="testGet" time="3.039"/>
  <system-out/>
</testsuite> <!-- TestCases.GetTest -->
