<?xml version="1.0" encoding="UTF-8"?>
<!-- Generated by org.testng.reporters.JUnitReportReporter -->
<testsuite hostname="TAH-LAP-JOR101" failures="0" tests="3" name="TestCases.PostTest" time="3.753" errors="0" timestamp="2023-08-20T00:19:34 AST" skipped="0">
  <testcase classname="TestCases.PostTest" name="TestPost" time="1.225"/>
  <system-out/>
  <testcase classname="TestCases.PostTest" name="TestPost" time="0.487"/>
  <system-out/>
  <testcase classname="TestCases.PostTest" name="TestPost" time="2.041"/>
  <system-out/>
</testsuite> <!-- TestCases.PostTest -->
